Pipe number:1 was created.
Pipe number:2 was created.
Pipe number:3 was created.
Pipe number:4 was created.
Pipe number:5 was created.
Pipe number:6 was created.
Pipe number:7 was created.
Pipe number:8 was created.
Pipe number:9 was created.
Pipe number:10 was created.
Pipe number:11 was created.
Pipe number:12 was created.
Pipe number:13 was created.
Pipe number:14 was created.
Pipe number:15 was created.
Pipe number:16 was created.
Pipe number:17 was created.
Pipe number:18 was created.
Pipe number:19 was created.
Pipe number:20 was created.
PID:2 closed pipe: 0 -- 1
PID:2 closed write: 0 -- 2
PID:2 closed pipe: 0 -- 3
PID:2 closed pipe: 0 -- 4
PID:2 closed pipe: 1 -- 0
PID:2 closed write: 1 -- 2
PID:2 closed pipe: 1 -- 3
PID:2 closed pipe: 1 -- 4
PID:2 closed read: 2 -- 0
PID:2 closed read: 2 -- 1
PID:2 closed read: 2 -- 3
PID:2 closed read: 2 -- 4
PID:2 closed pipe: 3 -- 0
PID:2 closed pipe: 3 -- 1
PID:2 closed write: 3 -- 2
PID:2 closed pipe: 3 -- 4
PID:2 closed pipe: 4 -- 0
PID:2 closed pipe: 4 -- 1
PID:2 closed write: 4 -- 2
PID:2 closed pipe: 4 -- 3
PID:2 closed all file descriptors.
Pipe number:1 was created.
Pipe number:2 was created.
Pipe number:3 was created.
Pipe number:4 was created.
Pipe number:5 was created.
Pipe number:6 was created.
Pipe number:7 was created.
Pipe number:8 was created.
Pipe number:9 was created.
Pipe number:10 was created.
Pipe number:11 was created.
Pipe number:12 was created.
Pipe number:13 was created.
Pipe number:14 was created.
Pipe number:15 was created.
Pipe number:16 was created.
Pipe number:17 was created.
Pipe number:18 was created.
Pipe number:19 was created.
Pipe number:20 was created.
PID:3 closed pipe: 0 -- 1
PID:3 closed pipe: 0 -- 2
PID:3 closed write: 0 -- 3
PID:3 closed pipe: 0 -- 4
PID:3 closed pipe: 1 -- 0
PID:3 closed pipe: 1 -- 2
PID:3 closed write: 1 -- 3
PID:3 closed pipe: 1 -- 4
PID:3 closed pipe: 2 -- 0
PID:3 closed pipe: 2 -- 1
PID:3 closed write: 2 -- 3
PID:3 closed pipe: 2 -- 4
PID:3 closed read: 3 -- 0
PID:3 closed read: 3 -- 1
PID:3 closed read: 3 -- 2
PID:3 closed read: 3 -- 4
PID:3 closed pipe: 4 -- 0
PID:3 closed pipe: 4 -- 1
PID:3 closed pipe: 4 -- 2
PID:3 closed write: 4 -- 3
PID:3 closed all file descriptors.
Pipe number:1 was created.
Pipe number:2 was created.
Pipe number:3 was created.
Pipe number:4 was created.
Pipe number:5 was created.
Pipe number:6 was created.
Pipe number:7 was created.
Pipe number:8 was created.
Pipe number:9 was created.
Pipe number:10 was created.
Pipe number:11 was created.
Pipe number:12 was created.
Pipe number:13 was created.
Pipe number:14 was created.
Pipe number:15 was created.
Pipe number:16 was created.
Pipe number:17 was created.
Pipe number:18 was created.
Pipe number:19 was created.
Pipe number:20 was created.
PID:1 closed write: 0 -- 1
PID:1 closed pipe: 0 -- 2
PID:1 closed pipe: 0 -- 3
PID:1 closed pipe: 0 -- 4
PID:1 closed read: 1 -- 0
PID:1 closed read: 1 -- 2
PID:1 closed read: 1 -- 3
PID:1 closed read: 1 -- 4
PID:1 closed pipe: 2 -- 0
PID:1 closed write: 2 -- 1
PID:1 closed pipe: 2 -- 3
PID:1 closed pipe: 2 -- 4
PID:1 closed pipe: 3 -- 0
PID:1 closed write: 3 -- 1
PID:1 closed pipe: 3 -- 2
PID:1 closed pipe: 3 -- 4
PID:1 closed pipe: 4 -- 0
PID:1 closed write: 4 -- 1
PID:1 closed pipe: 4 -- 2
PID:1 closed pipe: 4 -- 3
PID:1 closed all file descriptors.
Pipe number:1 was created.
Pipe number:2 was created.
Pipe number:3 was created.
Pipe number:4 was created.
Pipe number:5 was created.
Pipe number:6 was created.
Pipe number:7 was created.
Pipe number:8 was created.
Pipe number:9 was created.
Pipe number:10 was created.
Pipe number:11 was created.
Pipe number:12 was created.
Pipe number:13 was created.
Pipe number:14 was created.
Pipe number:15 was created.
Pipe number:16 was created.
Pipe number:17 was created.
Pipe number:18 was created.
Pipe number:19 was created.
Pipe number:20 was created.
PID:4 closed pipe: 0 -- 1
PID:4 closed pipe: 0 -- 2
PID:4 closed pipe: 0 -- 3
PID:4 closed write: 0 -- 4
PID:4 closed pipe: 1 -- 0
PID:4 closed pipe: 1 -- 2
PID:4 closed pipe: 1 -- 3
PID:4 closed write: 1 -- 4
PID:4 closed pipe: 2 -- 0
PID:4 closed pipe: 2 -- 1
PID:4 closed pipe: 2 -- 3
PID:4 closed write: 2 -- 4
PID:4 closed pipe: 3 -- 0
PID:4 closed pipe: 3 -- 1
PID:4 closed pipe: 3 -- 2
PID:4 closed write: 3 -- 4
PID:4 closed read: 4 -- 0
PID:4 closed read: 4 -- 1
PID:4 closed read: 4 -- 2
PID:4 closed read: 4 -- 3
PID:4 closed all file descriptors.
